build/app/intermediates/manifest_merge_blame_file/debug/manifest-merger-blame-debug-report.txt
1<?xml version="1.0" encoding="utf-8"?>
2<manifest xmlns:android="http://schemas.android.com/apk/res/android"
3    package="com.shelly.vpnApp"
4    android:versionCode="1"
5    android:versionName="1.0.0" >
6
7    <uses-sdk
8        android:minSdkVersion="23"
9        android:targetSdkVersion="30" />
10    <!--
11         Flutter needs it to communicate with the running application
12         to allow setting breakpoints, to provide hot reload, etc.
13    -->
14    <uses-permission android:name="android.permission.INTERNET" />
14-->src/main/AndroidManifest.xml:4:5-67
14-->src/main/AndroidManifest.xml:4:22-64
15    <uses-permission android:name="android.permission.ACCESS_NETWORK_STATE" />
15-->src/main/AndroidManifest.xml:5:5-79
15-->src/main/AndroidManifest.xml:5:22-76
16    <uses-permission android:name="android.permission.FOREGROUND_SERVICE" />
16-->src/main/AndroidManifest.xml:6:5-77
16-->src/main/AndroidManifest.xml:6:22-74
17    <uses-permission android:name="android.permission.WAKE_LOCK" />
17-->src/main/AndroidManifest.xml:7:5-68
17-->src/main/AndroidManifest.xml:7:22-65
18
19    <application
19-->src/main/AndroidManifest.xml:8:5-49:19
20        android:name="io.flutter.app.FlutterApplication"
20-->src/main/AndroidManifest.xml:9:9-57
21        android:appComponentFactory="androidx.core.app.CoreComponentFactory"
21-->[androidx.core:core:1.3.0] AndroidManifest.xml:24:18-86
22        android:debuggable="true"
23        android:extractNativeLibs="false"
24        android:icon="@mipmap/ic_launcher"
24-->src/main/AndroidManifest.xml:11:9-43
25        android:label="Open NIZVPN" >
25-->src/main/AndroidManifest.xml:10:9-36
26        <activity
26-->src/main/AndroidManifest.xml:13:9-32:20
27            android:name="com.shelly.vpnApp.MainActivity"
27-->src/main/AndroidManifest.xml:14:13-41
28            android:configChanges="orientation|keyboardHidden|keyboard|screenSize|smallestScreenSize|locale|layoutDirection|fontScale|screenLayout|density|uiMode"
28-->src/main/AndroidManifest.xml:17:13-163
29            android:hardwareAccelerated="true"
29-->src/main/AndroidManifest.xml:18:13-47
30            android:launchMode="singleTop"
30-->src/main/AndroidManifest.xml:15:13-43
31            android:theme="@style/LaunchTheme"
31-->src/main/AndroidManifest.xml:16:13-47
32            android:windowSoftInputMode="adjustResize" >
32-->src/main/AndroidManifest.xml:19:13-55
33            <meta-data
33-->src/main/AndroidManifest.xml:20:13-23:17
34                android:name="io.flutter.embedding.android.NormalTheme"
34-->src/main/AndroidManifest.xml:21:15-70
35                android:resource="@style/NormalTheme" />
35-->src/main/AndroidManifest.xml:22:15-52
36            <meta-data
36-->src/main/AndroidManifest.xml:24:13-27:17
37                android:name="io.flutter.embedding.android.SplashScreenDrawable"
37-->src/main/AndroidManifest.xml:25:15-79
38                android:resource="@drawable/launch_background" />
38-->src/main/AndroidManifest.xml:26:15-61
39
40            <intent-filter>
40-->src/main/AndroidManifest.xml:28:13-31:29
41                <action android:name="android.intent.action.MAIN" />
41-->src/main/AndroidManifest.xml:29:17-68
41-->src/main/AndroidManifest.xml:29:25-66
42
43                <category android:name="android.intent.category.LAUNCHER" />
43-->src/main/AndroidManifest.xml:30:17-76
43-->src/main/AndroidManifest.xml:30:27-74
44            </intent-filter>
45        </activity>
46
47        <meta-data
47-->src/main/AndroidManifest.xml:33:9-35:33
48            android:name="flutterEmbedding"
48-->src/main/AndroidManifest.xml:34:13-44
49            android:value="2" />
49-->src/main/AndroidManifest.xml:35:13-30
50
51        <activity
51-->src/main/AndroidManifest.xml:36:9-41:52
52            android:name="de.blinkt.openvpn.DisconnectVPNActivity"
52-->src/main/AndroidManifest.xml:37:13-67
53            android:excludeFromRecents="true"
53-->src/main/AndroidManifest.xml:38:13-46
54            android:noHistory="true"
54-->src/main/AndroidManifest.xml:39:13-37
55            android:taskAffinity=".DisconnectVPN"
55-->src/main/AndroidManifest.xml:40:13-50
56            android:theme="@style/blinkt.dialog" />
56-->src/main/AndroidManifest.xml:41:13-49
57
58        <service
58-->src/main/AndroidManifest.xml:42:9-48:19
59            android:name="de.blinkt.openvpn.core.OpenVPNService"
59-->src/main/AndroidManifest.xml:43:13-65
60            android:permission="android.permission.BIND_VPN_SERVICE" >
60-->src/main/AndroidManifest.xml:44:13-69
61            <intent-filter>
61-->src/main/AndroidManifest.xml:45:13-47:29
62                <action android:name="android.net.VpnService" />
62-->src/main/AndroidManifest.xml:46:17-65
62-->src/main/AndroidManifest.xml:46:25-62
63            </intent-filter>
64        </service>
65        <service
65-->[:firebase_auth] AndroidManifest.xml:8:9-12:19
66            android:name="com.google.firebase.components.ComponentDiscoveryService"
66-->[:firebase_auth] AndroidManifest.xml:8:18-89
67            android:directBootAware="true"
67-->[com.google.firebase:firebase-common:19.5.0] AndroidManifest.xml:35:13-43
68            android:exported="false" >
68-->[com.google.firebase:firebase-auth:20.0.1] AndroidManifest.xml:76:13-37
69            <meta-data
69-->[:firebase_auth] AndroidManifest.xml:9:13-11:85
70                android:name="com.google.firebase.components:io.flutter.plugins.firebase.auth.FlutterFirebaseAuthRegistrar"
70-->[:firebase_auth] AndroidManifest.xml:10:17-124
71                android:value="com.google.firebase.components.ComponentRegistrar" />
71-->[:firebase_auth] AndroidManifest.xml:11:17-82
72            <meta-data
72-->[:firebase_core] AndroidManifest.xml:9:13-11:85
73                android:name="com.google.firebase.components:io.flutter.plugins.firebase.core.FlutterFirebaseCoreRegistrar"
73-->[:firebase_core] AndroidManifest.xml:10:17-124
74                android:value="com.google.firebase.components.ComponentRegistrar" />
74-->[:firebase_core] AndroidManifest.xml:11:17-82
75            <meta-data
75-->[com.google.firebase:firebase-auth:20.0.1] AndroidManifest.xml:77:13-79:85
76                android:name="com.google.firebase.components:com.google.firebase.auth.FirebaseAuthRegistrar"
76-->[com.google.firebase:firebase-auth:20.0.1] AndroidManifest.xml:78:17-109
77                android:value="com.google.firebase.components.ComponentRegistrar" />
77-->[com.google.firebase:firebase-auth:20.0.1] AndroidManifest.xml:79:17-82
78            <!--
79                This registrar is not defined in the dynamic-module-support sdk itself to allow non-firebase
80                clients to use it as well, by defining this registrar in their own core/common library.
81            -->
82            <meta-data
82-->[com.google.firebase:firebase-common:19.5.0] AndroidManifest.xml:43:13-45:85
83                android:name="com.google.firebase.components:com.google.firebase.dynamicloading.DynamicLoadingRegistrar"
83-->[com.google.firebase:firebase-common:19.5.0] AndroidManifest.xml:44:17-121
84                android:value="com.google.firebase.components.ComponentRegistrar" />
84-->[com.google.firebase:firebase-common:19.5.0] AndroidManifest.xml:45:17-82
85        </service>
86
87        <activity
87-->[com.google.firebase:firebase-auth:20.0.1] AndroidManifest.xml:27:9-44:20
88            android:name="com.google.firebase.auth.internal.GenericIdpActivity"
88-->[com.google.firebase:firebase-auth:20.0.1] AndroidManifest.xml:28:13-80
89            android:excludeFromRecents="true"
89-->[com.google.firebase:firebase-auth:20.0.1] AndroidManifest.xml:29:13-46
90            android:exported="true"
90-->[com.google.firebase:firebase-auth:20.0.1] AndroidManifest.xml:30:13-36
91            android:launchMode="singleTask"
91-->[com.google.firebase:firebase-auth:20.0.1] AndroidManifest.xml:31:13-44
92            android:theme="@android:style/Theme.Translucent.NoTitleBar" >
92-->[com.google.firebase:firebase-auth:20.0.1] AndroidManifest.xml:32:13-72
93            <intent-filter>
93-->[com.google.firebase:firebase-auth:20.0.1] AndroidManifest.xml:33:13-43:29
94                <action android:name="android.intent.action.VIEW" />
94-->[com.google.firebase:firebase-auth:20.0.1] AndroidManifest.xml:34:17-69
94-->[com.google.firebase:firebase-auth:20.0.1] AndroidManifest.xml:34:25-66
95
96                <category android:name="android.intent.category.DEFAULT" />
96-->[com.google.firebase:firebase-auth:20.0.1] AndroidManifest.xml:36:17-76
96-->[com.google.firebase:firebase-auth:20.0.1] AndroidManifest.xml:36:27-73
97                <category android:name="android.intent.category.BROWSABLE" />
97-->[com.google.firebase:firebase-auth:20.0.1] AndroidManifest.xml:37:17-78
97-->[com.google.firebase:firebase-auth:20.0.1] AndroidManifest.xml:37:27-75
98
99                <data
99-->[com.google.firebase:firebase-auth:20.0.1] AndroidManifest.xml:39:17-42:51
100                    android:host="firebase.auth"
100-->[com.google.firebase:firebase-auth:20.0.1] AndroidManifest.xml:40:21-49
101                    android:path="/"
101-->[com.google.firebase:firebase-auth:20.0.1] AndroidManifest.xml:41:21-37
102                    android:scheme="genericidp" />
102-->[com.google.firebase:firebase-auth:20.0.1] AndroidManifest.xml:42:21-48
103            </intent-filter>
104        </activity>
105        <activity
105-->[com.google.firebase:firebase-auth:20.0.1] AndroidManifest.xml:45:9-62:20
106            android:name="com.google.firebase.auth.internal.RecaptchaActivity"
106-->[com.google.firebase:firebase-auth:20.0.1] AndroidManifest.xml:46:13-79
107            android:excludeFromRecents="true"
107-->[com.google.firebase:firebase-auth:20.0.1] AndroidManifest.xml:47:13-46
108            android:exported="true"
108-->[com.google.firebase:firebase-auth:20.0.1] AndroidManifest.xml:48:13-36
109            android:launchMode="singleTask"
109-->[com.google.firebase:firebase-auth:20.0.1] AndroidManifest.xml:49:13-44
110            android:theme="@android:style/Theme.Translucent.NoTitleBar" >
110-->[com.google.firebase:firebase-auth:20.0.1] AndroidManifest.xml:50:13-72
111            <intent-filter>
111-->[com.google.firebase:firebase-auth:20.0.1] AndroidManifest.xml:51:13-61:29
112                <action android:name="android.intent.action.VIEW" />
112-->[com.google.firebase:firebase-auth:20.0.1] AndroidManifest.xml:34:17-69
112-->[com.google.firebase:firebase-auth:20.0.1] AndroidManifest.xml:34:25-66
113
114                <category android:name="android.intent.category.DEFAULT" />
114-->[com.google.firebase:firebase-auth:20.0.1] AndroidManifest.xml:36:17-76
114-->[com.google.firebase:firebase-auth:20.0.1] AndroidManifest.xml:36:27-73
115                <category android:name="android.intent.category.BROWSABLE" />
115-->[com.google.firebase:firebase-auth:20.0.1] AndroidManifest.xml:37:17-78
115-->[com.google.firebase:firebase-auth:20.0.1] AndroidManifest.xml:37:27-75
116
117                <data
117-->[com.google.firebase:firebase-auth:20.0.1] AndroidManifest.xml:39:17-42:51
118                    android:host="firebase.auth"
118-->[com.google.firebase:firebase-auth:20.0.1] AndroidManifest.xml:40:21-49
119                    android:path="/"
119-->[com.google.firebase:firebase-auth:20.0.1] AndroidManifest.xml:41:21-37
120                    android:scheme="recaptcha" />
120-->[com.google.firebase:firebase-auth:20.0.1] AndroidManifest.xml:42:21-48
121            </intent-filter>
122        </activity>
123
124        <service
124-->[com.google.firebase:firebase-auth:20.0.1] AndroidManifest.xml:64:9-73:19
125            android:name="com.google.firebase.auth.api.fallback.service.FirebaseAuthFallbackService"
125-->[com.google.firebase:firebase-auth:20.0.1] AndroidManifest.xml:65:13-101
126            android:enabled="true"
126-->[com.google.firebase:firebase-auth:20.0.1] AndroidManifest.xml:66:13-35
127            android:exported="false" >
127-->[com.google.firebase:firebase-auth:20.0.1] AndroidManifest.xml:67:13-37
128            <intent-filter>
128-->[com.google.firebase:firebase-auth:20.0.1] AndroidManifest.xml:68:13-72:29
129                <action android:name="com.google.firebase.auth.api.gms.service.START" />
129-->[com.google.firebase:firebase-auth:20.0.1] AndroidManifest.xml:69:17-89
129-->[com.google.firebase:firebase-auth:20.0.1] AndroidManifest.xml:69:25-86
130
131                <category android:name="android.intent.category.DEFAULT" />
131-->[com.google.firebase:firebase-auth:20.0.1] AndroidManifest.xml:36:17-76
131-->[com.google.firebase:firebase-auth:20.0.1] AndroidManifest.xml:36:27-73
132            </intent-filter>
133        </service>
134
135        <provider
135-->[com.google.firebase:firebase-common:19.5.0] AndroidManifest.xml:26:9-31:39
136            android:name="com.google.firebase.provider.FirebaseInitProvider"
136-->[com.google.firebase:firebase-common:19.5.0] AndroidManifest.xml:27:13-77
137            android:authorities="com.shelly.vpnApp.firebaseinitprovider"
137-->[com.google.firebase:firebase-common:19.5.0] AndroidManifest.xml:28:13-72
138            android:directBootAware="true"
138-->[com.google.firebase:firebase-common:19.5.0] AndroidManifest.xml:29:13-43
139            android:exported="false"
139-->[com.google.firebase:firebase-common:19.5.0] AndroidManifest.xml:30:13-37
140            android:initOrder="100" />
140-->[com.google.firebase:firebase-common:19.5.0] AndroidManifest.xml:31:13-36
141
142        <activity
142-->[com.google.android.gms:play-services-base:17.1.0] AndroidManifest.xml:23:9-26:75
143            android:name="com.google.android.gms.common.api.GoogleApiActivity"
143-->[com.google.android.gms:play-services-base:17.1.0] AndroidManifest.xml:24:13-79
144            android:exported="false"
144-->[com.google.android.gms:play-services-base:17.1.0] AndroidManifest.xml:25:13-37
145            android:theme="@android:style/Theme.Translucent.NoTitleBar" />
145-->[com.google.android.gms:play-services-base:17.1.0] AndroidManifest.xml:26:13-72
146
147        <meta-data
147-->[com.google.android.gms:play-services-basement:17.1.0] AndroidManifest.xml:23:9-25:69
148            android:name="com.google.android.gms.version"
148-->[com.google.android.gms:play-services-basement:17.1.0] AndroidManifest.xml:24:13-58
149            android:value="@integer/google_play_services_version" />
149-->[com.google.android.gms:play-services-basement:17.1.0] AndroidManifest.xml:25:13-66
150    </application>
151
152</manifest>